<?xml version="1.0" encoding="UTF-8"?>
<testsuite name="me.dio.Application" tests="1" skipped="0" failures="0" errors="0" timestamp="2023-10-12T21:12:38" hostname="CBIH-3K" time="1.668">
  <properties/>
  <testcase name="contextLoads()" classname="me.dio.Application" time="1.668"/>
  <system-out><![CDATA[18:12:31.163 [Test worker] INFO org.springframework.test.context.support.AnnotationConfigContextLoaderUtils -- Could not detect default configuration classes for test class [me.dio.Application]: Application does not declare any static, non-private, non-final, nested classes annotated with @Configuration.
18:12:31.468 [Test worker] INFO org.springframework.boot.test.context.SpringBootTestContextBootstrapper -- Found @SpringBootConfiguration me.dio.SantanderDevWeek2023Application for test class me.dio.Application

  .   ____          _            __ _ _
 /\\ / ___'_ __ _ _(_)_ __  __ _ \ \ \ \
( ( )\___ | '_ | '_| | '_ \/ _` | \ \ \ \
 \\/  ___)| |_)| | | | | || (_| |  ) ) ) )
  '  |____| .__|_| |_|_| |_\__, | / / / /
 =========|_|==============|___/=/_/_/_/
 :: Spring Boot ::                (v3.1.4)

2023-10-12T18:12:32.427-03:00  INFO 26236 --- [    Test worker] me.dio.Application                       : Starting Application using Java 17.0.4 with PID 26236 (started by cbih9 in C:\DIO\desafio-de-codigo-java\santander-dev-week-2023)
2023-10-12T18:12:32.430-03:00  INFO 26236 --- [    Test worker] me.dio.Application                       : No active profile set, falling back to 1 default profile: "default"
2023-10-12T18:12:33.832-03:00  INFO 26236 --- [    Test worker] .s.d.r.c.RepositoryConfigurationDelegate : Bootstrapping Spring Data JPA repositories in DEFAULT mode.
2023-10-12T18:12:33.877-03:00  INFO 26236 --- [    Test worker] .s.d.r.c.RepositoryConfigurationDelegate : Finished Spring Data repository scanning in 28 ms. Found 0 JPA repository interfaces.
2023-10-12T18:12:34.820-03:00  INFO 26236 --- [    Test worker] com.zaxxer.hikari.HikariDataSource       : HikariPool-1 - Starting...
2023-10-12T18:12:35.298-03:00  INFO 26236 --- [    Test worker] com.zaxxer.hikari.pool.HikariPool        : HikariPool-1 - Added connection conn0: url=jdbc:h2:mem:d8892351-971a-43b6-b9f0-ceb914d2d759 user=SA
2023-10-12T18:12:35.303-03:00  INFO 26236 --- [    Test worker] com.zaxxer.hikari.HikariDataSource       : HikariPool-1 - Start completed.
2023-10-12T18:12:35.417-03:00  INFO 26236 --- [    Test worker] o.hibernate.jpa.internal.util.LogHelper  : HHH000204: Processing PersistenceUnitInfo [name: default]
2023-10-12T18:12:35.567-03:00  INFO 26236 --- [    Test worker] org.hibernate.Version                    : HHH000412: Hibernate ORM core version 6.2.9.Final
2023-10-12T18:12:35.577-03:00  INFO 26236 --- [    Test worker] org.hibernate.cfg.Environment            : HHH000406: Using bytecode reflection optimizer
2023-10-12T18:12:35.969-03:00  INFO 26236 --- [    Test worker] o.h.b.i.BytecodeProviderInitiator        : HHH000021: Bytecode provider name : bytebuddy
2023-10-12T18:12:36.413-03:00  INFO 26236 --- [    Test worker] o.s.o.j.p.SpringPersistenceUnitInfo      : No LoadTimeWeaver setup: ignoring JPA class transformer
2023-10-12T18:12:36.765-03:00  INFO 26236 --- [    Test worker] o.h.b.i.BytecodeProviderInitiator        : HHH000021: Bytecode provider name : bytebuddy
2023-10-12T18:12:37.269-03:00  INFO 26236 --- [    Test worker] o.h.e.t.j.p.i.JtaPlatformInitiator       : HHH000490: Using JtaPlatform implementation: [org.hibernate.engine.transaction.jta.platform.internal.NoJtaPlatform]
2023-10-12T18:12:37.284-03:00  INFO 26236 --- [    Test worker] j.LocalContainerEntityManagerFactoryBean : Initialized JPA EntityManagerFactory for persistence unit 'default'
2023-10-12T18:12:37.702-03:00  WARN 26236 --- [    Test worker] JpaBaseConfiguration$JpaWebConfiguration : spring.jpa.open-in-view is enabled by default. Therefore, database queries may be performed during view rendering. Explicitly configure spring.jpa.open-in-view to disable this warning
2023-10-12T18:12:38.660-03:00  INFO 26236 --- [    Test worker] me.dio.Application                       : Started Application in 6.766 seconds (process running for 11.257)
]]></system-out>
  <system-err><![CDATA[]]></system-err>
</testsuite>
